2012-11-13 22:49:11.551 INFO  default    datomic.slf4j.bridge - SLF4J Bridge installed
2012-11-13 22:49:11.597 WARN  default    datomic.slf4j - {:tid 11, :pid 3995, :message "Starting datomic:free://localhost:4334/<DB-NAME>, storing data in: devops/datomic/data ..."}
2012-11-13 22:49:11.839 INFO  default    datomic.domain - {:tid 11, :pid 3995, :event :cache/create, :object-max 1656, :cache-bytes 795279360}
2012-11-13 22:49:11.846 DEBUG default    datomic.kv-cluster - {:tid 23, :pid 3995, :phase :begin, :event :kv-cluster/get-ref, :ref-key "pod-coord"}
2012-11-13 22:49:11.850 INFO  default    datomic.kv-cluster - {:tid 23, :pid 3995, :phase :end, :msec 1.7, :event :kv-cluster/get-ref, :ref-key "pod-coord"}
2012-11-13 22:49:11.873 WARN  default    datomic.slf4j - {:tid 11, :pid 3995, :message "System started datomic:free://localhost:4334/<DB-NAME>, storing data in: devops/datomic/data"}
2012-11-13 22:49:11.887 INFO  default    datomic.transactor - {:tid 11, :pid 3995, :event :transactor/start, :args {:protocol :free, :rest-alias "free", :host "localhost", :memidx-max 67108864, :memcached nil, :rest-port nil, :port 4334, :data-dir "devops/datomic/data", :log-dir "devops/datomic/logs", :pid-file nil}}
2012-11-13 22:49:11.888 DEBUG default    datomic.kv-cluster - {:tid 11, :pid 3995, :phase :begin, :event :kv-cluster/set-ref, :ref-key "pod-coord", :rev 0, :vkey "[\"localhost\" nil 4334 \"TlDbVy5DyaStXv767QY/KTFUifCiscLGWiyYm3fzSkw=\" \"j/UYLnshVxZ9AYlOA7XfSsQ9DUCzNZwGRBDf/sowbxM=\" 1352875751851]"}
2012-11-13 22:49:11.893 INFO  default    datomic.kv-cluster - {:tid 11, :pid 3995, :phase :end, :msec 4.54, :event :kv-cluster/set-ref, :ref-key "pod-coord", :rev 0, :vkey "[\"localhost\" nil 4334 \"TlDbVy5DyaStXv767QY/KTFUifCiscLGWiyYm3fzSkw=\" \"j/UYLnshVxZ9AYlOA7XfSsQ9DUCzNZwGRBDf/sowbxM=\" 1352875751851]"}
2012-11-13 22:49:11.899 DEBUG default    datomic.update - {:tid 24, :pid 3995, :phase :begin, :event :update/create-master}
2012-11-13 22:49:11.899 INFO  default    datomic.lifecycle - {:tid 23, :pid 3995, :event :lifecycle, :id #uuid "50a33ee7-d75e-4f95-991a-04c9db33bb34", :from {:state :ready}, :to {:state :beating, :beats 1}}
2012-11-13 22:49:11.991 INFO  default    o.h.c.server.impl.HornetQServerImpl - live server is starting with configuration HornetQ Configuration (clustered=false,backup=false,sharedStore=true,journalDirectory=data/journal,bindingsDirectory=data/bindings,largeMessagesDirectory=data/largemessages,pagingDirectory=data/paging)
2012-11-13 22:49:12.109 INFO  default    o.h.c.r.impl.netty.NettyAcceptor - Started Netty Acceptor version 3.2.3.Final-r${buildNumber} localhost:4334 for CORE protocol
2012-11-13 22:49:12.110 INFO  default    o.h.c.server.impl.HornetQServerImpl - Server is now live
2012-11-13 22:49:12.110 INFO  default    o.h.c.server.impl.HornetQServerImpl - HornetQ Server version 2.2.2.Final (super-hornetq-fighter, 122) [65bb1dbc-2e27-11e2-a9a8-001c42000009] started
2012-11-13 22:49:12.148 INFO  default    datomic.indexer - {:tid 24, :pid 3995, :event :indexer/create, :memidx-max 67108864}
2012-11-13 22:49:12.194 INFO  default    datomic.update - {:tid 24, :pid 3995, :phase :end, :msec 295.0, :event :update/create-master}
2012-11-13 22:49:16.895 DEBUG default    datomic.kv-cluster - {:tid 11, :pid 3995, :phase :begin, :event :kv-cluster/set-ref, :ref-key "pod-coord", :rev 1, :vkey "[\"localhost\" nil 4334 \"TlDbVy5DyaStXv767QY/KTFUifCiscLGWiyYm3fzSkw=\" \"j/UYLnshVxZ9AYlOA7XfSsQ9DUCzNZwGRBDf/sowbxM=\" 1352875756895]"}
2012-11-13 22:49:16.899 INFO  default    datomic.kv-cluster - {:tid 11, :pid 3995, :phase :end, :msec 3.05, :event :kv-cluster/set-ref, :ref-key "pod-coord", :rev 1, :vkey "[\"localhost\" nil 4334 \"TlDbVy5DyaStXv767QY/KTFUifCiscLGWiyYm3fzSkw=\" \"j/UYLnshVxZ9AYlOA7XfSsQ9DUCzNZwGRBDf/sowbxM=\" 1352875756895]"}
2012-11-13 22:49:16.899 INFO  default    datomic.lifecycle - {:tid 24, :pid 3995, :event :lifecycle, :id #uuid "50a33ee7-d75e-4f95-991a-04c9db33bb34", :from {:state :beating, :beats 1}, :to {:state :beating, :beats 2}}
2012-11-13 22:49:21.901 DEBUG default    datomic.kv-cluster - {:tid 11, :pid 3995, :phase :begin, :event :kv-cluster/set-ref, :ref-key "pod-coord", :rev 2, :vkey "[\"localhost\" nil 4334 \"TlDbVy5DyaStXv767QY/KTFUifCiscLGWiyYm3fzSkw=\" \"j/UYLnshVxZ9AYlOA7XfSsQ9DUCzNZwGRBDf/sowbxM=\" 1352875761900]"}
2012-11-13 22:49:21.902 INFO  default    datomic.kv-cluster - {:tid 11, :pid 3995, :phase :end, :msec 0.717, :event :kv-cluster/set-ref, :ref-key "pod-coord", :rev 2, :vkey "[\"localhost\" nil 4334 \"TlDbVy5DyaStXv767QY/KTFUifCiscLGWiyYm3fzSkw=\" \"j/UYLnshVxZ9AYlOA7XfSsQ9DUCzNZwGRBDf/sowbxM=\" 1352875761900]"}
2012-11-13 22:49:21.902 INFO  default    datomic.lifecycle - {:tid 24, :pid 3995, :event :lifecycle, :id #uuid "50a33ee7-d75e-4f95-991a-04c9db33bb34", :from {:state :beating, :beats 2}, :to {:state :beating, :beats 3}}
2012-11-13 22:49:22.197 INFO  default    datomic.transactor - {:tid 36, :pid 3995, :memidx-size 0}
2012-11-13 22:49:26.903 DEBUG default    datomic.kv-cluster - {:tid 11, :pid 3995, :phase :begin, :event :kv-cluster/set-ref, :ref-key "pod-coord", :rev 3, :vkey "[\"localhost\" nil 4334 \"TlDbVy5DyaStXv767QY/KTFUifCiscLGWiyYm3fzSkw=\" \"j/UYLnshVxZ9AYlOA7XfSsQ9DUCzNZwGRBDf/sowbxM=\" 1352875766903]"}
2012-11-13 22:49:26.904 INFO  default    datomic.kv-cluster - {:tid 11, :pid 3995, :phase :end, :msec 0.61, :event :kv-cluster/set-ref, :ref-key "pod-coord", :rev 3, :vkey "[\"localhost\" nil 4334 \"TlDbVy5DyaStXv767QY/KTFUifCiscLGWiyYm3fzSkw=\" \"j/UYLnshVxZ9AYlOA7XfSsQ9DUCzNZwGRBDf/sowbxM=\" 1352875766903]"}
2012-11-13 22:49:26.905 INFO  default    datomic.lifecycle - {:tid 24, :pid 3995, :event :lifecycle, :id #uuid "50a33ee7-d75e-4f95-991a-04c9db33bb34", :from {:state :beating, :beats 3}, :to {:state :beating, :beats 4}}
2012-11-13 22:49:31.905 DEBUG default    datomic.kv-cluster - {:tid 11, :pid 3995, :phase :begin, :event :kv-cluster/set-ref, :ref-key "pod-coord", :rev 4, :vkey "[\"localhost\" nil 4334 \"TlDbVy5DyaStXv767QY/KTFUifCiscLGWiyYm3fzSkw=\" \"j/UYLnshVxZ9AYlOA7XfSsQ9DUCzNZwGRBDf/sowbxM=\" 1352875771905]"}
2012-11-13 22:49:31.907 INFO  default    datomic.kv-cluster - {:tid 11, :pid 3995, :phase :end, :msec 0.642, :event :kv-cluster/set-ref, :ref-key "pod-coord", :rev 4, :vkey "[\"localhost\" nil 4334 \"TlDbVy5DyaStXv767QY/KTFUifCiscLGWiyYm3fzSkw=\" \"j/UYLnshVxZ9AYlOA7XfSsQ9DUCzNZwGRBDf/sowbxM=\" 1352875771905]"}
2012-11-13 22:49:31.907 INFO  default    datomic.lifecycle - {:tid 24, :pid 3995, :event :lifecycle, :id #uuid "50a33ee7-d75e-4f95-991a-04c9db33bb34", :from {:state :beating, :beats 4}, :to {:state :beating, :beats 5}}
2012-11-13 22:49:32.195 INFO  default    datomic.transactor - {:tid 36, :pid 3995, :memidx-size 0}
